<?xml version="1.0" encoding="UTF-8"?>
<!-- Generated by org.testng.reporters.JUnitXMLReporter -->
<testsuite ignored="0" hostname="DESKTOP-5DS53NE" failures="0" tests="4" name="Test" time="19.813" errors="0" timestamp="2022-05-28T18:41:28 IST">
  <testcase classname="SauceDemoTestNGAnnotations.TC1LoginFunctionality" name="loginFunction" time="0.01"/>
  <testcase classname="SauceDemoTestNGAnnotations.TC03FilterValidation" name="filter" time="0.193"/>
  <testcase classname="SauceDemoTestNGAnnotations.TC04SelectProduct" name="selectProduct" time="3.209"/>
  <testcase classname="SauceDemoTestNGAnnotations.TC02AddToCartValidation" name="addToCart" time="5.401"/>
</testsuite> <!-- Test -->
